<?xml version="1.0" encoding="UTF-8"?>
<!-- Generated by org.testng.reporters.JUnitReportReporter -->
<testsuite hostname="LAPTOP-GAUPM6CM" failures="0" tests="1" name="testscripts.regression.ValidateLoginUsingKeywords" time="8.304" errors="0" timestamp="2024-09-24T08:58:51 IST" skipped="0">
  <testcase classname="testscripts.regression.ValidateLoginUsingKeywords" name="validateLoginTest" time="8.304"/>
</testsuite> <!-- testscripts.regression.ValidateLoginUsingKeywords -->
