<?xml version="1.0" encoding="UTF-8"?>
<!-- Generated by org.testng.reporters.JUnitReportReporter -->
<testsuite hostname="LAPTOP-GAUPM6CM" failures="0" tests="1" name="testscripts.regression.ValidateLoginUsingDataProviderExcel" time="8.783" errors="0" timestamp="2024-09-23T09:02:54 IST" skipped="0">
  <testcase classname="testscripts.regression.ValidateLoginUsingDataProviderExcel" name="validateLoginTest1" time="8.783"/>
</testsuite> <!-- testscripts.regression.ValidateLoginUsingDataProviderExcel -->
