<?xml version="1.0" encoding="UTF-8"?>
<!-- Generated by org.testng.reporters.JUnitReportReporter -->
<testsuite hostname="LAPTOP-GAUPM6CM" failures="0" tests="4" name="testscripts.regression.ValidateLogin" time="33.363" errors="0" timestamp="2024-09-20T09:04:56 IST" skipped="0">
  <testcase classname="testscripts.regression.ValidateLogin" name="validateLoginTest1" time="11.194"/>
  <testcase classname="testscripts.regression.ValidateLogin" name="validateLoginTest3" time="7.703"/>
  <testcase classname="testscripts.regression.ValidateLogin" name="validateLoginTest2" time="7.693"/>
  <testcase classname="testscripts.regression.ValidateLogin" name="validateLoginTest4" time="6.773"/>
</testsuite> <!-- testscripts.regression.ValidateLogin -->
