<?xml version="1.0" encoding="UTF-8"?>
<!-- Generated by org.testng.reporters.JUnitReportReporter -->
<testsuite hostname="LAPTOP-GAUPM6CM" failures="0" tests="1" name="testscripts.regression.ValidateLoginPOM" time="8.253" errors="0" timestamp="2024-09-25T08:42:22 IST" skipped="0">
  <testcase classname="testscripts.regression.ValidateLoginPOM" name="validateLoginTest" time="8.253"/>
</testsuite> <!-- testscripts.regression.ValidateLoginPOM -->
